<?xml version="1.0" encoding="UTF-8"?>
<!-- Generated by org.testng.reporters.JUnitReportReporter -->
<testsuite hostname="Mansi-Ashil" failures="0" tests="5" name="test.Dya3" time="0.007" errors="0" timestamp="2024-05-14T21:13:28 IST" skipped="0">
  <testcase classname="test.Dya3" name="MobileRemotecarloan" time="0.001"/>
  <system-out/>
  <testcase classname="test.Dya3" name="MobileSignOutcarloan" time="0.002"/>
  <system-out/>
  <testcase classname="test.Dya3" name="MobileSignOutcarloan" time="0.002"/>
  <system-out/>
  <testcase classname="test.Dya3" name="MobileSignOutcarloan" time="0.000"/>
  <system-out/>
  <testcase classname="test.Dya3" name="MobileSignIncarloan" time="0.002"/>
  <system-out/>
</testsuite> <!-- test.Dya3 -->
