<?xml version="1.0" encoding="UTF-8"?>
<!-- Generated by org.testng.reporters.JUnitReportReporter -->
<testsuite hostname="Mansi-Ashil" failures="0" tests="3" name="test.Dya4" time="0.002" errors="0" timestamp="2024-05-14T21:13:28 IST" skipped="1">
  <testcase classname="test.Dya4" name="webloginHomeloan" time="0.001"/>
  <system-out/>
  <testcase classname="test.Dya4" name="MobileloginHomeloan" time="0.001"/>
  <system-out/>
  <testcase classname="test.Dya4" name="ApiloginHomeloan">
    <skipped/>
  </testcase> <!-- ApiloginHomeloan -->
  <system-out/>
</testsuite> <!-- test.Dya4 -->
