<?xml version="1.0" encoding="UTF-8"?>
<!-- Generated by org.testng.reporters.JUnitReportReporter -->
<testsuite hostname="Mansi-Ashil" failures="0" tests="1" name="test.Day1" time="0.006" errors="0" timestamp="2024-05-14T21:13:28 IST" skipped="0">
  <testcase classname="test.Day1" name="Demo" time="0.006"/>
  <system-out/>
</testsuite> <!-- test.Day1 -->
